<?xml version="1.0" encoding="UTF-8"?>
<!-- Generated by org.testng.reporters.JUnitReportReporter -->
<testsuite hostname="IN-GDJ9WP3" failures="0" tests="2" name="Com.Sample.testcases.AddaddressTest" time="15.429" errors="0" timestamp="2023-04-29T23:07:16 IST" skipped="0">
  <testcase classname="Com.Sample.testcases.AddaddressTest" name="AddInvalidAddresstest" time="10.194"/>
  <system-out/>
  <testcase classname="Com.Sample.testcases.AddaddressTest" name="AddValidAddresstest" time="5.235"/>
  <system-out/>
</testsuite> <!-- Com.Sample.testcases.AddaddressTest -->
