<?xml version="1.0" encoding="UTF-8"?>
<!-- Generated by org.testng.reporters.JUnitReportReporter -->
<testsuite hostname="IN-GDJ9WP3" failures="0" tests="1" name="Com.Sample.testcases.TrainingTest" time="8.586" errors="0" timestamp="2023-05-02T20:30:15 IST" skipped="0">
  <testcase classname="Com.Sample.testcases.TrainingTest" name="clickOntrainingbutton" time="8.586"/>
  <system-out/>
</testsuite> <!-- Com.Sample.testcases.TrainingTest -->
