<?xml version="1.0" encoding="UTF-8"?>
<!-- Generated by org.testng.reporters.JUnitReportReporter -->
<testsuite hostname="IN-GDJ9WP3" failures="0" tests="2" name="Com.Sample.testcases.SearchFunctionalityTest" time="25.076" errors="0" timestamp="2023-05-02T16:35:27 IST" skipped="0">
  <testcase classname="Com.Sample.testcases.SearchFunctionalityTest" name="clickOnSearchbutton" time="13.206"/>
  <system-out/>
  <testcase classname="Com.Sample.testcases.SearchFunctionalityTest" name="incorrectSearch" time="11.870"/>
  <system-out/>
</testsuite> <!-- Com.Sample.testcases.SearchFunctionalityTest -->
